{"/Users/LeanLawyering/dev/fem-news/src/utils.ts": {"path":"/Users/LeanLawyering/dev/fem-news/src/utils.ts","statementMap":{"0":{"start":{"line":4,"column":26},"end":{"line":9,"column":1}},"1":{"start":{"line":5,"column":2},"end":{"line":7,"column":null}},"2":{"start":{"line":6,"column":4},"end":{"line":6,"column":54}},"3":{"start":{"line":8,"column":2},"end":{"line":8,"column":12}},"4":{"start":{"line":4,"column":13},"end":{"line":4,"column":26}},"5":{"start":{"line":11,"column":25},"end":{"line":26,"column":1}},"6":{"start":{"line":13,"column":21},"end":{"line":13,"column":74}},"7":{"start":{"line":14,"column":20},"end":{"line":14,"column":67}},"8":{"start":{"line":15,"column":2},"end":{"line":19,"column":null}},"9":{"start":{"line":16,"column":4},"end":{"line":16,"column":50}},"10":{"start":{"line":18,"column":4},"end":{"line":18,"column":44}},"11":{"start":{"line":21,"column":17},"end":{"line":24,"column":26}},"12":{"start":{"line":25,"column":2},"end":{"line":25,"column":16}},"13":{"start":{"line":11,"column":13},"end":{"line":11,"column":25}},"14":{"start":{"line":27,"column":14},"end":{"line":27,"column":40}},"15":{"start":{"line":28,"column":0},"end":{"line":28,"column":6}}},"fnMap":{"0":{"name":"(anonymous_0)","decl":{"start":{"line":4,"column":26},"end":{"line":4,"column":27}},"loc":{"start":{"line":4,"column":39},"end":{"line":9,"column":1}}},"1":{"name":"(anonymous_1)","decl":{"start":{"line":11,"column":25},"end":{"line":11,"column":26}},"loc":{"start":{"line":11,"column":71},"end":{"line":26,"column":1}}}},"branchMap":{"0":{"loc":{"start":{"line":5,"column":2},"end":{"line":7,"column":null}},"type":"if","locations":[{"start":{"line":5,"column":2},"end":{"line":7,"column":null}}]},"1":{"loc":{"start":{"line":5,"column":6},"end":{"line":5,"column":36}},"type":"binary-expr","locations":[{"start":{"line":5,"column":6},"end":{"line":5,"column":9}},{"start":{"line":5,"column":13},"end":{"line":5,"column":36}}]},"2":{"loc":{"start":{"line":15,"column":2},"end":{"line":19,"column":null}},"type":"if","locations":[{"start":{"line":15,"column":2},"end":{"line":19,"column":null}},{"start":{"line":17,"column":9},"end":{"line":19,"column":null}}]}},"s":{"0":6,"1":33,"2":32,"3":1,"4":6,"5":6,"6":10,"7":10,"8":10,"9":9,"10":1,"11":10,"12":10,"13":6,"14":6,"15":6},"f":{"0":33,"1":10},"b":{"0":[32],"1":[33,33],"2":[9,1]}}
,"/Users/LeanLawyering/dev/fem-news/src/design-system/atoms/avatar/Avatar.tsx": {"path":"/Users/LeanLawyering/dev/fem-news/src/design-system/atoms/avatar/Avatar.tsx","statementMap":{"0":{"start":{"line":1,"column":0},"end":{"line":1,"column":23}},"1":{"start":{"line":3,"column":0},"end":{"line":3,"column":null}},"2":{"start":{"line":4,"column":2},"end":{"line":4,"column":null}},"3":{"start":{"line":5,"column":2},"end":{"line":5,"column":null}},"4":{"start":{"line":17,"column":38},"end":{"line":35,"column":1}},"5":{"start":{"line":18,"column":48},"end":{"line":18,"column":53}},"6":{"start":{"line":19,"column":2},"end":{"line":34,"column":4}},"7":{"start":{"line":36,"column":0},"end":{"line":36,"column":22}}},"fnMap":{"0":{"name":"(anonymous_0)","decl":{"start":{"line":3,"column":0},"end":{"line":3,"column":12}},"loc":{"start":{"line":3,"column":25},"end":{"line":6,"column":1}}},"1":{"name":"(anonymous_1)","decl":{"start":{"line":17,"column":38},"end":{"line":17,"column":39}},"loc":{"start":{"line":17,"column":61},"end":{"line":35,"column":1}}}},"branchMap":{"0":{"loc":{"start":{"line":3,"column":12},"end":{"line":3,"column":null}},"type":"binary-expr","locations":[{"start":{"line":3,"column":12},"end":{"line":3,"column":25}},{"start":{"line":3,"column":12},"end":{"line":3,"column":null}}]},"1":{"loc":{"start":{"line":22,"column":27},"end":{"line":22,"column":67}},"type":"cond-expr","locations":[{"start":{"line":22,"column":36},"end":{"line":22,"column":62}},{"start":{"line":22,"column":65},"end":{"line":22,"column":67}}]}},"s":{"0":1,"1":1,"2":1,"3":1,"4":1,"5":2,"6":2,"7":1},"f":{"0":1,"1":2},"b":{"0":[1,1],"1":[1,1]}}
,"/Users/LeanLawyering/dev/fem-news/src/design-system/atoms/button/Button.tsx": {"path":"/Users/LeanLawyering/dev/fem-news/src/design-system/atoms/button/Button.tsx","statementMap":{"0":{"start":{"line":3,"column":0},"end":{"line":3,"column":23}},"1":{"start":{"line":5,"column":0},"end":{"line":5,"column":null}},"2":{"start":{"line":6,"column":2},"end":{"line":6,"column":null}},"3":{"start":{"line":7,"column":2},"end":{"line":7,"column":null}},"4":{"start":{"line":8,"column":2},"end":{"line":8,"column":null}},"5":{"start":{"line":9,"column":2},"end":{"line":9,"column":null}},"6":{"start":{"line":10,"column":2},"end":{"line":10,"column":null}},"7":{"start":{"line":11,"column":2},"end":{"line":11,"column":null}},"8":{"start":{"line":12,"column":2},"end":{"line":12,"column":null}},"9":{"start":{"line":13,"column":2},"end":{"line":13,"column":null}},"10":{"start":{"line":21,"column":38},"end":{"line":39,"column":1}},"11":{"start":{"line":22,"column":48},"end":{"line":22,"column":53}},"12":{"start":{"line":23,"column":2},"end":{"line":38,"column":4}},"13":{"start":{"line":40,"column":0},"end":{"line":40,"column":22}}},"fnMap":{"0":{"name":"(anonymous_0)","decl":{"start":{"line":5,"column":0},"end":{"line":5,"column":12}},"loc":{"start":{"line":5,"column":23},"end":{"line":14,"column":1}}},"1":{"name":"(anonymous_1)","decl":{"start":{"line":21,"column":38},"end":{"line":21,"column":39}},"loc":{"start":{"line":21,"column":61},"end":{"line":39,"column":1}}}},"branchMap":{"0":{"loc":{"start":{"line":5,"column":12},"end":{"line":5,"column":null}},"type":"binary-expr","locations":[{"start":{"line":5,"column":12},"end":{"line":5,"column":23}},{"start":{"line":5,"column":12},"end":{"line":5,"column":null}}]},"1":{"loc":{"start":{"line":29,"column":8},"end":{"line":31,"column":53}},"type":"cond-expr","locations":[{"start":{"line":30,"column":12},"end":{"line":30,"column":36}},{"start":{"line":31,"column":12},"end":{"line":31,"column":53}}]}},"s":{"0":3,"1":3,"2":3,"3":3,"4":3,"5":3,"6":3,"7":3,"8":3,"9":3,"10":3,"11":3,"12":3,"13":3},"f":{"0":3,"1":3},"b":{"0":[3,3],"1":[3,0]}}
,"/Users/LeanLawyering/dev/fem-news/src/design-system/atoms/icon/Icon.tsx": {"path":"/Users/LeanLawyering/dev/fem-news/src/design-system/atoms/icon/Icon.tsx","statementMap":{"0":{"start":{"line":3,"column":0},"end":{"line":3,"column":21}},"1":{"start":{"line":20,"column":34},"end":{"line":45,"column":1}},"2":{"start":{"line":21,"column":56},"end":{"line":21,"column":61}},"3":{"start":{"line":22,"column":2},"end":{"line":44,"column":4}},"4":{"start":{"line":46,"column":0},"end":{"line":46,"column":20}}},"fnMap":{"0":{"name":"(anonymous_0)","decl":{"start":{"line":20,"column":34},"end":{"line":20,"column":35}},"loc":{"start":{"line":20,"column":55},"end":{"line":45,"column":1}}}},"branchMap":{"0":{"loc":{"start":{"line":27,"column":19},"end":{"line":27,"column":41}},"type":"binary-expr","locations":[{"start":{"line":27,"column":19},"end":{"line":27,"column":31}},{"start":{"line":27,"column":35},"end":{"line":27,"column":41}}]},"1":{"loc":{"start":{"line":28,"column":18},"end":{"line":28,"column":39}},"type":"binary-expr","locations":[{"start":{"line":28,"column":18},"end":{"line":28,"column":29}},{"start":{"line":28,"column":33},"end":{"line":28,"column":39}}]},"2":{"loc":{"start":{"line":30,"column":18},"end":{"line":30,"column":37}},"type":"binary-expr","locations":[{"start":{"line":30,"column":18},"end":{"line":30,"column":31}},{"start":{"line":30,"column":35},"end":{"line":30,"column":37}}]},"3":{"loc":{"start":{"line":32,"column":25},"end":{"line":32,"column":45}},"type":"cond-expr","locations":[{"start":{"line":32,"column":35},"end":{"line":32,"column":40}},{"start":{"line":32,"column":43},"end":{"line":32,"column":45}}]},"4":{"loc":{"start":{"line":38,"column":7},"end":{"line":41,"column":null}},"type":"binary-expr","locations":[{"start":{"line":38,"column":7},"end":{"line":38,"column":14}},{"start":{"line":38,"column":18},"end":{"line":38,"column":29}},{"start":{"line":39,"column":8},"end":{"line":40,"column":null}}]}},"s":{"0":7,"1":7,"2":32,"3":32,"4":7},"f":{"0":32},"b":{"0":[32,3],"1":[32,3],"2":[32,32],"3":[1,31],"4":[32,0,0]}}
,"/Users/LeanLawyering/dev/fem-news/src/design-system/atoms/loader-ellipsis/Loader-ellipsis.tsx": {"path":"/Users/LeanLawyering/dev/fem-news/src/design-system/atoms/loader-ellipsis/Loader-ellipsis.tsx","statementMap":{"0":{"start":{"line":1,"column":0},"end":{"line":1,"column":32}},"1":{"start":{"line":6,"column":53},"end":{"line":20,"column":1}},"2":{"start":{"line":9,"column":20},"end":{"line":9,"column":25}},"3":{"start":{"line":10,"column":2},"end":{"line":19,"column":4}},"4":{"start":{"line":21,"column":0},"end":{"line":21,"column":30}}},"fnMap":{"0":{"name":"(anonymous_0)","decl":{"start":{"line":6,"column":53},"end":{"line":6,"column":null}},"loc":{"start":{"line":8,"column":4},"end":{"line":20,"column":1}}}},"branchMap":{},"s":{"0":3,"1":3,"2":3,"3":3,"4":3},"f":{"0":3},"b":{}}
,"/Users/LeanLawyering/dev/fem-news/src/design-system/atoms/loader-rings/Loader-rings.tsx": {"path":"/Users/LeanLawyering/dev/fem-news/src/design-system/atoms/loader-rings/Loader-rings.tsx","statementMap":{"0":{"start":{"line":1,"column":0},"end":{"line":1,"column":29}},"1":{"start":{"line":3,"column":29},"end":{"line":11,"column":null}},"2":{"start":{"line":4,"column":2},"end":{"line":10,"column":null}},"3":{"start":{"line":13,"column":0},"end":{"line":13,"column":26}}},"fnMap":{"0":{"name":"(anonymous_0)","decl":{"start":{"line":3,"column":29},"end":{"line":3,"column":32}},"loc":{"start":{"line":4,"column":2},"end":{"line":10,"column":null}}}},"branchMap":{},"s":{"0":1,"1":1,"2":1,"3":1},"f":{"0":1},"b":{}}
,"/Users/LeanLawyering/dev/fem-news/src/design-system/atoms/loader-spinner/Loader-spinner.tsx": {"path":"/Users/LeanLawyering/dev/fem-news/src/design-system/atoms/loader-spinner/Loader-spinner.tsx","statementMap":{"0":{"start":{"line":1,"column":0},"end":{"line":1,"column":31}},"1":{"start":{"line":2,"column":32},"end":{"line":21,"column":1}},"2":{"start":{"line":3,"column":2},"end":{"line":20,"column":4}},"3":{"start":{"line":22,"column":0},"end":{"line":22,"column":29}}},"fnMap":{"0":{"name":"(anonymous_0)","decl":{"start":{"line":2,"column":32},"end":{"line":2,"column":35}},"loc":{"start":{"line":2,"column":37},"end":{"line":21,"column":1}}}},"branchMap":{},"s":{"0":1,"1":1,"2":1,"3":1},"f":{"0":1},"b":{}}
,"/Users/LeanLawyering/dev/fem-news/src/design-system/atoms/loading/Loading.tsx": {"path":"/Users/LeanLawyering/dev/fem-news/src/design-system/atoms/loading/Loading.tsx","statementMap":{"0":{"start":{"line":1,"column":0},"end":{"line":1,"column":64}},"1":{"start":{"line":2,"column":0},"end":{"line":2,"column":24}},"2":{"start":{"line":3,"column":26},"end":{"line":10,"column":1}},"3":{"start":{"line":4,"column":2},"end":{"line":4,"column":27}},"4":{"start":{"line":5,"column":2},"end":{"line":9,"column":4}},"5":{"start":{"line":11,"column":0},"end":{"line":11,"column":23}}},"fnMap":{"0":{"name":"(anonymous_1)","decl":{"start":{"line":3,"column":26},"end":{"line":3,"column":29}},"loc":{"start":{"line":3,"column":31},"end":{"line":10,"column":1}}}},"branchMap":{},"s":{"0":2,"1":2,"2":2,"3":2,"4":2,"5":2},"f":{"0":2},"b":{}}
,"/Users/LeanLawyering/dev/fem-news/src/design-system/atoms/picture/Picture.tsx": {"path":"/Users/LeanLawyering/dev/fem-news/src/design-system/atoms/picture/Picture.tsx","statementMap":{"0":{"start":{"line":1,"column":0},"end":{"line":1,"column":24}},"1":{"start":{"line":6,"column":40},"end":{"line":14,"column":1}},"2":{"start":{"line":7,"column":30},"end":{"line":7,"column":35}},"3":{"start":{"line":8,"column":2},"end":{"line":13,"column":4}},"4":{"start":{"line":15,"column":0},"end":{"line":15,"column":23}}},"fnMap":{"0":{"name":"(anonymous_0)","decl":{"start":{"line":6,"column":40},"end":{"line":6,"column":41}},"loc":{"start":{"line":6,"column":64},"end":{"line":14,"column":1}}}},"branchMap":{},"s":{"0":3,"1":3,"2":3,"3":3,"4":3},"f":{"0":3},"b":{}}
,"/Users/LeanLawyering/dev/fem-news/src/design-system/molecules/drawer/Drawer.tsx": {"path":"/Users/LeanLawyering/dev/fem-news/src/design-system/molecules/drawer/Drawer.tsx","statementMap":{"0":{"start":{"line":1,"column":0},"end":{"line":1,"column":33}},"1":{"start":{"line":2,"column":0},"end":{"line":2,"column":64}},"2":{"start":{"line":3,"column":0},"end":{"line":3,"column":23}},"3":{"start":{"line":4,"column":0},"end":{"line":4,"column":77}},"4":{"start":{"line":5,"column":0},"end":{"line":5,"column":51}},"5":{"start":{"line":13,"column":38},"end":{"line":44,"column":1}},"6":{"start":{"line":14,"column":38},"end":{"line":14,"column":43}},"7":{"start":{"line":15,"column":30},"end":{"line":15,"column":54}},"8":{"start":{"line":17,"column":2},"end":{"line":43,"column":4}},"9":{"start":{"line":23,"column":23},"end":{"line":23,"column":41}},"10":{"start":{"line":45,"column":0},"end":{"line":45,"column":22}}},"fnMap":{"0":{"name":"(anonymous_1)","decl":{"start":{"line":13,"column":38},"end":{"line":13,"column":39}},"loc":{"start":{"line":13,"column":61},"end":{"line":44,"column":1}}},"1":{"name":"(anonymous_2)","decl":{"start":{"line":23,"column":17},"end":{"line":23,"column":20}},"loc":{"start":{"line":23,"column":23},"end":{"line":23,"column":41}}}},"branchMap":{"0":{"loc":{"start":{"line":35,"column":10},"end":{"line":37,"column":47}},"type":"cond-expr","locations":[{"start":{"line":36,"column":14},"end":{"line":36,"column":53}},{"start":{"line":37,"column":14},"end":{"line":37,"column":47}}]}},"s":{"0":4,"1":4,"2":4,"3":4,"4":4,"5":4,"6":11,"7":11,"8":11,"9":3,"10":4},"f":{"0":11,"1":3},"b":{"0":[3,8]}}
,"/Users/LeanLawyering/dev/fem-news/src/design-system/molecules/menuItem/MenuItem.tsx": {"path":"/Users/LeanLawyering/dev/fem-news/src/design-system/molecules/menuItem/MenuItem.tsx","statementMap":{"0":{"start":{"line":1,"column":0},"end":{"line":1,"column":51}},"1":{"start":{"line":2,"column":0},"end":{"line":2,"column":25}},"2":{"start":{"line":10,"column":42},"end":{"line":22,"column":1}},"3":{"start":{"line":11,"column":49},"end":{"line":11,"column":54}},"4":{"start":{"line":12,"column":2},"end":{"line":21,"column":4}},"5":{"start":{"line":23,"column":0},"end":{"line":23,"column":24}}},"fnMap":{"0":{"name":"(anonymous_1)","decl":{"start":{"line":10,"column":42},"end":{"line":10,"column":43}},"loc":{"start":{"line":10,"column":67},"end":{"line":22,"column":1}}}},"branchMap":{"0":{"loc":{"start":{"line":11,"column":31},"end":{"line":11,"column":44}},"type":"default-arg","locations":[{"start":{"line":11,"column":38},"end":{"line":11,"column":44}}]},"1":{"loc":{"start":{"line":14,"column":7},"end":{"line":17,"column":null}},"type":"binary-expr","locations":[{"start":{"line":14,"column":7},"end":{"line":14,"column":11}},{"start":{"line":15,"column":8},"end":{"line":16,"column":null}}]},"2":{"loc":{"start":{"line":16,"column":48},"end":{"line":16,"column":68}},"type":"binary-expr","locations":[{"start":{"line":16,"column":48},"end":{"line":16,"column":55}},{"start":{"line":16,"column":59},"end":{"line":16,"column":68}}]},"3":{"loc":{"start":{"line":19,"column":7},"end":{"line":19,"column":45}},"type":"binary-expr","locations":[{"start":{"line":19,"column":7},"end":{"line":19,"column":11}},{"start":{"line":19,"column":15},"end":{"line":19,"column":45}}]}},"s":{"0":1,"1":1,"2":1,"3":1,"4":1,"5":1},"f":{"0":1},"b":{"0":[1],"1":[1,1],"2":[1,1],"3":[1,1]}}
,"/Users/LeanLawyering/dev/fem-news/src/design-system/organisms/featured/Featured.tsx": {"path":"/Users/LeanLawyering/dev/fem-news/src/design-system/organisms/featured/Featured.tsx","statementMap":{"0":{"start":{"line":1,"column":0},"end":{"line":1,"column":74}},"1":{"start":{"line":2,"column":0},"end":{"line":2,"column":60}},"2":{"start":{"line":3,"column":0},"end":{"line":3,"column":25}},"3":{"start":{"line":4,"column":16},"end":{"line":19,"column":2}},"4":{"start":{"line":24,"column":12},"end":{"line":29,"column":null}},"5":{"start":{"line":25,"column":2},"end":{"line":28,"column":null}},"6":{"start":{"line":31,"column":27},"end":{"line":73,"column":1}},"7":{"start":{"line":32,"column":2},"end":{"line":32,"column":27}},"8":{"start":{"line":33,"column":2},"end":{"line":72,"column":4}},"9":{"start":{"line":61,"column":12},"end":{"line":67,"column":14}},"10":{"start":{"line":74,"column":0},"end":{"line":74,"column":24}}},"fnMap":{"0":{"name":"(anonymous_7)","decl":{"start":{"line":24,"column":12},"end":{"line":24,"column":13}},"loc":{"start":{"line":25,"column":2},"end":{"line":28,"column":null}}},"1":{"name":"(anonymous_8)","decl":{"start":{"line":31,"column":27},"end":{"line":31,"column":30}},"loc":{"start":{"line":31,"column":32},"end":{"line":73,"column":1}}},"2":{"name":"(anonymous_9)","decl":{"start":{"line":51,"column":55},"end":{"line":51,"column":58}},"loc":{"start":{"line":51,"column":60},"end":{"line":51,"column":63}}},"3":{"name":"(anonymous_10)","decl":{"start":{"line":60,"column":23},"end":{"line":60,"column":24}},"loc":{"start":{"line":60,"column":53},"end":{"line":68,"column":11}}}},"branchMap":{"0":{"loc":{"start":{"line":28,"column":5},"end":{"line":28,"column":22}},"type":"binary-expr","locations":[{"start":{"line":28,"column":5},"end":{"line":28,"column":12}},{"start":{"line":28,"column":16},"end":{"line":28,"column":22}}]}},"s":{"0":2,"1":2,"2":2,"3":2,"4":2,"5":6,"6":2,"7":2,"8":2,"9":6,"10":2},"f":{"0":6,"1":2,"2":0,"3":6},"b":{"0":[6,4]}}
,"/Users/LeanLawyering/dev/fem-news/src/design-system/organisms/navbar/Navbar.tsx": {"path":"/Users/LeanLawyering/dev/fem-news/src/design-system/organisms/navbar/Navbar.tsx","statementMap":{"0":{"start":{"line":3,"column":0},"end":{"line":3,"column":33}},"1":{"start":{"line":4,"column":0},"end":{"line":4,"column":43}},"2":{"start":{"line":5,"column":0},"end":{"line":5,"column":66}},"3":{"start":{"line":6,"column":0},"end":{"line":6,"column":23}},"4":{"start":{"line":7,"column":0},"end":{"line":7,"column":61}},"5":{"start":{"line":8,"column":0},"end":{"line":8,"column":51}},"6":{"start":{"line":9,"column":0},"end":{"line":9,"column":37}},"7":{"start":{"line":11,"column":25},"end":{"line":64,"column":1}},"8":{"start":{"line":12,"column":30},"end":{"line":12,"column":54}},"9":{"start":{"line":14,"column":18},"end":{"line":20,"column":4}},"10":{"start":{"line":21,"column":2},"end":{"line":63,"column":4}},"11":{"start":{"line":55,"column":14},"end":{"line":55,"column":null}},"12":{"start":{"line":65,"column":0},"end":{"line":65,"column":22}}},"fnMap":{"0":{"name":"(anonymous_1)","decl":{"start":{"line":11,"column":25},"end":{"line":11,"column":28}},"loc":{"start":{"line":11,"column":30},"end":{"line":64,"column":1}}},"1":{"name":"(anonymous_2)","decl":{"start":{"line":54,"column":25},"end":{"line":54,"column":26}},"loc":{"start":{"line":55,"column":14},"end":{"line":55,"column":null}}}},"branchMap":{},"s":{"0":3,"1":3,"2":3,"3":3,"4":3,"5":3,"6":3,"7":3,"8":3,"9":3,"10":3,"11":15,"12":3},"f":{"0":3,"1":15},"b":{}}
,"/Users/LeanLawyering/dev/fem-news/src/design-system/organisms/ranking/Ranking.tsx": {"path":"/Users/LeanLawyering/dev/fem-news/src/design-system/organisms/ranking/Ranking.tsx","statementMap":{"0":{"start":{"line":1,"column":0},"end":{"line":1,"column":24}},"1":{"start":{"line":2,"column":23},"end":{"line":19,"column":2}},"2":{"start":{"line":20,"column":19},"end":{"line":35,"column":1}},"3":{"start":{"line":21,"column":40},"end":{"line":21,"column":47}},"4":{"start":{"line":22,"column":2},"end":{"line":34,"column":4}},"5":{"start":{"line":36,"column":26},"end":{"line":49,"column":1}},"6":{"start":{"line":37,"column":2},"end":{"line":37,"column":27}},"7":{"start":{"line":38,"column":2},"end":{"line":48,"column":4}},"8":{"start":{"line":41,"column":43},"end":{"line":41,"column":45}},"9":{"start":{"line":42,"column":8},"end":{"line":42,"column":23}},"10":{"start":{"line":43,"column":8},"end":{"line":43,"column":33}},"11":{"start":{"line":45,"column":8},"end":{"line":45,"column":65}},"12":{"start":{"line":50,"column":0},"end":{"line":50,"column":23}}},"fnMap":{"0":{"name":"(anonymous_0)","decl":{"start":{"line":20,"column":19},"end":{"line":20,"column":20}},"loc":{"start":{"line":20,"column":69},"end":{"line":35,"column":1}}},"1":{"name":"(anonymous_1)","decl":{"start":{"line":36,"column":26},"end":{"line":36,"column":29}},"loc":{"start":{"line":36,"column":31},"end":{"line":49,"column":1}}},"2":{"name":"(anonymous_2)","decl":{"start":{"line":40,"column":26},"end":{"line":40,"column":27}},"loc":{"start":{"line":40,"column":71},"end":{"line":46,"column":7}}}},"branchMap":{},"s":{"0":2,"1":2,"2":2,"3":6,"4":6,"5":2,"6":2,"7":2,"8":6,"9":6,"10":6,"11":6,"12":2},"f":{"0":6,"1":2,"2":6},"b":{}}
,"/Users/LeanLawyering/dev/fem-news/src/design-system/organisms/sidebar/Sidebar.tsx": {"path":"/Users/LeanLawyering/dev/fem-news/src/design-system/organisms/sidebar/Sidebar.tsx","statementMap":{"0":{"start":{"line":2,"column":0},"end":{"line":2,"column":40}},"1":{"start":{"line":3,"column":0},"end":{"line":3,"column":51}},"2":{"start":{"line":4,"column":0},"end":{"line":4,"column":37}},"3":{"start":{"line":5,"column":0},"end":{"line":5,"column":82}},"4":{"start":{"line":6,"column":0},"end":{"line":6,"column":24}},"5":{"start":{"line":18,"column":40},"end":{"line":54,"column":1}},"6":{"start":{"line":19,"column":29},"end":{"line":19,"column":34}},"7":{"start":{"line":21,"column":2},"end":{"line":53,"column":4}},"8":{"start":{"line":33,"column":27},"end":{"line":33,"column":57}},"9":{"start":{"line":44,"column":12},"end":{"line":44,"column":null}},"10":{"start":{"line":55,"column":0},"end":{"line":55,"column":23}}},"fnMap":{"0":{"name":"(anonymous_1)","decl":{"start":{"line":18,"column":40},"end":{"line":18,"column":41}},"loc":{"start":{"line":18,"column":64},"end":{"line":54,"column":1}}},"1":{"name":"(anonymous_2)","decl":{"start":{"line":33,"column":21},"end":{"line":33,"column":24}},"loc":{"start":{"line":33,"column":27},"end":{"line":33,"column":57}}},"2":{"name":"(anonymous_3)","decl":{"start":{"line":43,"column":23},"end":{"line":43,"column":24}},"loc":{"start":{"line":44,"column":12},"end":{"line":44,"column":null}}}},"branchMap":{"0":{"loc":{"start":{"line":23,"column":7},"end":{"line":23,"column":48}},"type":"binary-expr","locations":[{"start":{"line":23,"column":7},"end":{"line":23,"column":19}},{"start":{"line":23,"column":23},"end":{"line":23,"column":48}}]},"1":{"loc":{"start":{"line":25,"column":19},"end":{"line":25,"column":76}},"type":"cond-expr","locations":[{"start":{"line":25,"column":34},"end":{"line":25,"column":62}},{"start":{"line":25,"column":65},"end":{"line":25,"column":76}}]}},"s":{"0":5,"1":5,"2":5,"3":5,"4":5,"5":5,"6":12,"7":12,"8":1,"9":15,"10":5},"f":{"0":12,"1":1,"2":15},"b":{"0":[12,3],"1":[3,9]}}
,"/Users/LeanLawyering/dev/fem-news/src/design-system/pages/home/Home.tsx": {"path":"/Users/LeanLawyering/dev/fem-news/src/design-system/pages/home/Home.tsx","statementMap":{"0":{"start":{"line":1,"column":0},"end":{"line":1,"column":61}},"1":{"start":{"line":2,"column":0},"end":{"line":2,"column":67}},"2":{"start":{"line":3,"column":0},"end":{"line":3,"column":64}},"3":{"start":{"line":5,"column":0},"end":{"line":5,"column":21}},"4":{"start":{"line":6,"column":0},"end":{"line":6,"column":44}},"5":{"start":{"line":7,"column":0},"end":{"line":7,"column":60}},"6":{"start":{"line":9,"column":23},"end":{"line":30,"column":1}},"7":{"start":{"line":10,"column":36},"end":{"line":10,"column":50}},"8":{"start":{"line":12,"column":2},"end":{"line":17,"column":5}},"9":{"start":{"line":13,"column":4},"end":{"line":16,"column":13}},"10":{"start":{"line":14,"column":6},"end":{"line":14,"column":26}},"11":{"start":{"line":15,"column":6},"end":{"line":15,"column":32}},"12":{"start":{"line":18,"column":2},"end":{"line":29,"column":4}},"13":{"start":{"line":31,"column":0},"end":{"line":31,"column":20}}},"fnMap":{"0":{"name":"(anonymous_1)","decl":{"start":{"line":9,"column":23},"end":{"line":9,"column":26}},"loc":{"start":{"line":9,"column":28},"end":{"line":30,"column":1}}},"1":{"name":"(anonymous_2)","decl":{"start":{"line":12,"column":12},"end":{"line":12,"column":15}},"loc":{"start":{"line":12,"column":17},"end":{"line":17,"column":3}}},"2":{"name":"(anonymous_3)","decl":{"start":{"line":13,"column":15},"end":{"line":13,"column":18}},"loc":{"start":{"line":13,"column":20},"end":{"line":16,"column":5}}}},"branchMap":{"0":{"loc":{"start":{"line":20,"column":7},"end":{"line":20,"column":31}},"type":"binary-expr","locations":[{"start":{"line":20,"column":7},"end":{"line":20,"column":16}},{"start":{"line":20,"column":20},"end":{"line":20,"column":31}}]}},"s":{"0":1,"1":1,"2":1,"3":1,"4":1,"5":1,"6":1,"7":1,"8":1,"9":1,"10":0,"11":0,"12":1,"13":1},"f":{"0":1,"1":1,"2":0},"b":{"0":[1,1]}}
,"/Users/LeanLawyering/dev/fem-news/src/design-system/pages/noMatch/NoMatch.tsx": {"path":"/Users/LeanLawyering/dev/fem-news/src/design-system/pages/noMatch/NoMatch.tsx","statementMap":{"0":{"start":{"line":1,"column":0},"end":{"line":1,"column":40}},"1":{"start":{"line":2,"column":0},"end":{"line":2,"column":61}},"2":{"start":{"line":4,"column":0},"end":{"line":4,"column":24}},"3":{"start":{"line":6,"column":26},"end":{"line":20,"column":1}},"4":{"start":{"line":7,"column":2},"end":{"line":7,"column":27}},"5":{"start":{"line":9,"column":2},"end":{"line":19,"column":4}},"6":{"start":{"line":21,"column":0},"end":{"line":21,"column":23}}},"fnMap":{"0":{"name":"(anonymous_1)","decl":{"start":{"line":6,"column":26},"end":{"line":6,"column":29}},"loc":{"start":{"line":6,"column":31},"end":{"line":20,"column":1}}}},"branchMap":{},"s":{"0":1,"1":1,"2":1,"3":1,"4":1,"5":1,"6":1},"f":{"0":1},"b":{}}
}
