TN:
SF:src/utils.ts
FN:4,(anonymous_0)
FN:11,(anonymous_1)
FNF:2
FNH:2
FNDA:33,(anonymous_0)
FNDA:10,(anonymous_1)
DA:4,6
DA:5,33
DA:6,32
DA:8,1
DA:11,6
DA:13,10
DA:14,10
DA:15,10
DA:16,9
DA:18,1
DA:21,10
DA:25,10
DA:27,6
DA:28,6
LF:14
LH:14
BRDA:5,0,0,32
BRDA:5,1,0,33
BRDA:5,1,1,33
BRDA:15,2,0,9
BRDA:15,2,1,1
BRF:5
BRH:5
end_of_record
TN:
SF:src/design-system/atoms/avatar/Avatar.tsx
FN:3,(anonymous_0)
FN:17,(anonymous_1)
FNF:2
FNH:2
FNDA:1,(anonymous_0)
FNDA:2,(anonymous_1)
DA:1,1
DA:3,1
DA:4,1
DA:5,1
DA:17,1
DA:18,2
DA:19,2
DA:36,1
LF:8
LH:8
BRDA:3,0,0,1
BRDA:3,0,1,1
BRDA:22,1,0,1
BRDA:22,1,1,1
BRF:4
BRH:4
end_of_record
TN:
SF:src/design-system/atoms/button/Button.tsx
FN:5,(anonymous_0)
FN:21,(anonymous_1)
FNF:2
FNH:2
FNDA:3,(anonymous_0)
FNDA:3,(anonymous_1)
DA:3,3
DA:5,3
DA:6,3
DA:7,3
DA:8,3
DA:9,3
DA:10,3
DA:11,3
DA:12,3
DA:13,3
DA:21,3
DA:22,3
DA:23,3
DA:40,3
LF:14
LH:14
BRDA:5,0,0,3
BRDA:5,0,1,3
BRDA:29,1,0,3
BRDA:29,1,1,0
BRF:4
BRH:3
end_of_record
TN:
SF:src/design-system/atoms/icon/Icon.tsx
FN:20,(anonymous_0)
FNF:1
FNH:1
FNDA:32,(anonymous_0)
DA:3,7
DA:20,7
DA:21,32
DA:22,32
DA:46,7
LF:5
LH:5
BRDA:27,0,0,32
BRDA:27,0,1,3
BRDA:28,1,0,32
BRDA:28,1,1,3
BRDA:30,2,0,32
BRDA:30,2,1,32
BRDA:32,3,0,1
BRDA:32,3,1,31
BRDA:38,4,0,32
BRDA:38,4,1,0
BRDA:38,4,2,0
BRF:11
BRH:9
end_of_record
TN:
SF:src/design-system/atoms/loader-ellipsis/Loader-ellipsis.tsx
FN:6,(anonymous_0)
FNF:1
FNH:1
FNDA:3,(anonymous_0)
DA:1,3
DA:6,3
DA:9,3
DA:10,3
DA:21,3
LF:5
LH:5
BRF:0
BRH:0
end_of_record
TN:
SF:src/design-system/atoms/loader-rings/Loader-rings.tsx
FN:3,(anonymous_0)
FNF:1
FNH:1
FNDA:1,(anonymous_0)
DA:1,1
DA:3,1
DA:4,1
DA:13,1
LF:4
LH:4
BRF:0
BRH:0
end_of_record
TN:
SF:src/design-system/atoms/loader-spinner/Loader-spinner.tsx
FN:2,(anonymous_0)
FNF:1
FNH:1
FNDA:1,(anonymous_0)
DA:1,1
DA:2,1
DA:3,1
DA:22,1
LF:4
LH:4
BRF:0
BRH:0
end_of_record
TN:
SF:src/design-system/atoms/loading/Loading.tsx
FN:3,(anonymous_1)
FNF:1
FNH:1
FNDA:2,(anonymous_1)
DA:1,2
DA:2,2
DA:3,2
DA:4,2
DA:5,2
DA:11,2
LF:6
LH:6
BRF:0
BRH:0
end_of_record
TN:
SF:src/design-system/atoms/picture/Picture.tsx
FN:6,(anonymous_0)
FNF:1
FNH:1
FNDA:3,(anonymous_0)
DA:1,3
DA:6,3
DA:7,3
DA:8,3
DA:15,3
LF:5
LH:5
BRF:0
BRH:0
end_of_record
TN:
SF:src/design-system/molecules/drawer/Drawer.tsx
FN:13,(anonymous_1)
FN:23,(anonymous_2)
FNF:2
FNH:2
FNDA:11,(anonymous_1)
FNDA:3,(anonymous_2)
DA:1,4
DA:2,4
DA:3,4
DA:4,4
DA:5,4
DA:13,4
DA:14,11
DA:15,11
DA:17,11
DA:23,3
DA:45,4
LF:11
LH:11
BRDA:35,0,0,3
BRDA:35,0,1,8
BRF:2
BRH:2
end_of_record
TN:
SF:src/design-system/molecules/menuItem/MenuItem.tsx
FN:10,(anonymous_1)
FNF:1
FNH:1
FNDA:1,(anonymous_1)
DA:1,1
DA:2,1
DA:10,1
DA:11,1
DA:12,1
DA:23,1
LF:6
LH:6
BRDA:11,0,0,1
BRDA:14,1,0,1
BRDA:14,1,1,1
BRDA:16,2,0,1
BRDA:16,2,1,1
BRDA:19,3,0,1
BRDA:19,3,1,1
BRF:7
BRH:7
end_of_record
TN:
SF:src/design-system/organisms/featured/Featured.tsx
FN:24,(anonymous_7)
FN:31,(anonymous_8)
FN:51,(anonymous_9)
FN:60,(anonymous_10)
FNF:4
FNH:3
FNDA:6,(anonymous_7)
FNDA:2,(anonymous_8)
FNDA:0,(anonymous_9)
FNDA:6,(anonymous_10)
DA:1,2
DA:2,2
DA:3,2
DA:4,2
DA:24,2
DA:25,6
DA:31,2
DA:32,2
DA:33,2
DA:61,6
DA:74,2
LF:11
LH:11
BRDA:28,0,0,6
BRDA:28,0,1,4
BRF:2
BRH:2
end_of_record
TN:
SF:src/design-system/organisms/navbar/Navbar.tsx
FN:11,(anonymous_1)
FN:54,(anonymous_2)
FNF:2
FNH:2
FNDA:3,(anonymous_1)
FNDA:15,(anonymous_2)
DA:3,3
DA:4,3
DA:5,3
DA:6,3
DA:7,3
DA:8,3
DA:9,3
DA:11,3
DA:12,3
DA:14,3
DA:21,3
DA:55,15
DA:65,3
LF:13
LH:13
BRF:0
BRH:0
end_of_record
TN:
SF:src/design-system/organisms/ranking/Ranking.tsx
FN:20,(anonymous_0)
FN:36,(anonymous_1)
FN:40,(anonymous_2)
FNF:3
FNH:3
FNDA:6,(anonymous_0)
FNDA:2,(anonymous_1)
FNDA:6,(anonymous_2)
DA:1,2
DA:2,2
DA:20,2
DA:21,6
DA:22,6
DA:36,2
DA:37,2
DA:38,2
DA:41,6
DA:42,6
DA:43,6
DA:45,6
DA:50,2
LF:13
LH:13
BRF:0
BRH:0
end_of_record
TN:
SF:src/design-system/organisms/sidebar/Sidebar.tsx
FN:18,(anonymous_1)
FN:33,(anonymous_2)
FN:43,(anonymous_3)
FNF:3
FNH:3
FNDA:12,(anonymous_1)
FNDA:1,(anonymous_2)
FNDA:15,(anonymous_3)
DA:2,5
DA:3,5
DA:4,5
DA:5,5
DA:6,5
DA:18,5
DA:19,12
DA:21,12
DA:33,1
DA:44,15
DA:55,5
LF:11
LH:11
BRDA:23,0,0,12
BRDA:23,0,1,3
BRDA:25,1,0,3
BRDA:25,1,1,9
BRF:4
BRH:4
end_of_record
TN:
SF:src/design-system/pages/home/Home.tsx
FN:9,(anonymous_1)
FN:12,(anonymous_2)
FN:13,(anonymous_3)
FNF:3
FNH:2
FNDA:1,(anonymous_1)
FNDA:1,(anonymous_2)
FNDA:0,(anonymous_3)
DA:1,1
DA:2,1
DA:3,1
DA:5,1
DA:6,1
DA:7,1
DA:9,1
DA:10,1
DA:12,1
DA:13,1
DA:14,0
DA:15,0
DA:18,1
DA:31,1
LF:14
LH:12
BRDA:20,0,0,1
BRDA:20,0,1,1
BRF:2
BRH:2
end_of_record
TN:
SF:src/design-system/pages/noMatch/NoMatch.tsx
FN:6,(anonymous_1)
FNF:1
FNH:1
FNDA:1,(anonymous_1)
DA:1,1
DA:2,1
DA:4,1
DA:6,1
DA:7,1
DA:9,1
DA:21,1
LF:7
LH:7
BRF:0
BRH:0
end_of_record
